2023-04-06 12:58:27 INFO  PermMain:28 - Key : db.url, Value : localhost
2023-04-06 12:58:27 INFO  PermMain:28 - Key : db.user, Value : sake
2023-04-06 12:58:27 INFO  PermMain:28 - Key : db.password, Value : password
2023-04-06 13:06:33 INFO  PermMain:28 - Key : db.url, Value : localhost
2023-04-06 13:06:33 INFO  PermMain:28 - Key : db.user, Value : sake
2023-04-06 13:06:33 INFO  PermMain:28 - Key : db.password, Value : password
2023-04-06 13:53:43 ERROR FileReader:47 - Error while reading data from file: PERM_Data_FY2023_Q1.xlsx
java.io.FileNotFoundException: PERM_Data_FY2023_Q1.xlsx (No such file or directory)
	at java.io.FileInputStream.open0(Native Method)
	at java.io.FileInputStream.open(FileInputStream.java:195)
	at java.io.FileInputStream.<init>(FileInputStream.java:138)
	at com.perm.reader.FileReader.main(FileReader.java:25)
2023-04-06 13:54:05 ERROR FileReader:47 - Error while reading data from file: PERM_Data_FY2023_Q1
java.io.FileNotFoundException: PERM_Data_FY2023_Q1 (No such file or directory)
	at java.io.FileInputStream.open0(Native Method)
	at java.io.FileInputStream.open(FileInputStream.java:195)
	at java.io.FileInputStream.<init>(FileInputStream.java:138)
	at com.perm.reader.FileReader.main(FileReader.java:25)
2023-04-06 13:54:48 ERROR FileReader:47 - Error while reading data from file: PERM_Data_FY2023_Q1.xlsx
java.io.FileNotFoundException: PERM_Data_FY2023_Q1.xlsx (No such file or directory)
	at java.io.FileInputStream.open0(Native Method)
	at java.io.FileInputStream.open(FileInputStream.java:195)
	at java.io.FileInputStream.<init>(FileInputStream.java:138)
	at com.perm.reader.FileReader.main(FileReader.java:25)
2023-04-06 14:17:23 ERROR FileReader:49 - Error while reading data from file: 
org.apache.poi.util.RecordFormatException: Tried to allocate an array of length 103,788,478, but the maximum length for this record type is 100,000,000.
If the file is not corrupt and not large, please open an issue on bugzilla to request 
increasing the maximum allowable size for this record type.
You can set a higher override value with IOUtils.setByteArrayMaxOverride()
	at org.apache.poi.util.IOUtils.throwRFE(IOUtils.java:599)
	at org.apache.poi.util.IOUtils.checkLength(IOUtils.java:276)
	at org.apache.poi.util.IOUtils.toByteArray(IOUtils.java:230)
	at org.apache.poi.util.IOUtils.toByteArray(IOUtils.java:203)
	at org.apache.poi.openxml4j.util.ZipArchiveFakeEntry.<init>(ZipArchiveFakeEntry.java:82)
	at org.apache.poi.openxml4j.util.ZipInputStreamZipEntrySource.<init>(ZipInputStreamZipEntrySource.java:98)
	at org.apache.poi.openxml4j.opc.ZipPackage.<init>(ZipPackage.java:132)
	at org.apache.poi.openxml4j.opc.OPCPackage.open(OPCPackage.java:319)
	at org.apache.poi.ooxml.util.PackageHelper.open(PackageHelper.java:59)
	at org.apache.poi.xssf.usermodel.XSSFWorkbook.<init>(XSSFWorkbook.java:290)
	at org.apache.poi.xssf.usermodel.XSSFWorkbook.<init>(XSSFWorkbook.java:286)
	at com.perm.reader.FileReader.main(FileReader.java:28)
